<?xml version="1.0" encoding="UTF-8"?>
<testsuite xmlns:xsi="http://www.w3.org/2001/XMLSchema-instance" xsi:noNamespaceSchemaLocation="https://maven.apache.org/surefire/maven-surefire-plugin/xsd/surefire-test-report-3.0.xsd" version="3.0" name="com.doub1e.UserServiceTest" time="0.043" tests="2" errors="0" skipped="0" failures="0">
  <properties>
[...]
</properties>
  <testcase name="testGetGender" classname="com.doub1e.UserServiceTest" time="0.017">
    <system-out><![CDATA[gender = male
]]></system-out>
  </testcase>
  <testcase name="testGetAge" classname="com.doub1e.UserServiceTest" time="0.007">
    <system-out><![CDATA[age = 24
]]></system-out>
  </testcase>
</testsuite>